[2021-09-30T12:06:45.428] [DEBUG] cheese - login => username:admin,password:123456
[2021-09-30T12:06:45.431] [DEBUG] cheese - admin
[2021-09-30T12:06:45.446] [DEBUG] cheese - null
[2021-09-30T12:06:45.447] [DEBUG] cheese - null
[2021-09-30T16:06:46.639] [DEBUG] cheese - login => username:admin,password:123456
[2021-09-30T16:06:46.643] [DEBUG] cheese - admin
[2021-09-30T16:06:46.661] [DEBUG] cheese - null
[2021-09-30T16:06:46.662] [DEBUG] cheese - null
[2021-09-30T16:08:01.322] [DEBUG] cheese - login => username:admin,password:123456
[2021-09-30T16:08:01.323] [DEBUG] cheese - admin 
[2021-09-30T16:08:01.325] [DEBUG] cheese - null
[2021-09-30T16:08:01.326] [DEBUG] cheese - null
[2021-09-30T16:08:08.881] [DEBUG] cheese - login => username:admin,password:123456
[2021-09-30T16:08:08.881] [DEBUG] cheese - admin
[2021-09-30T16:08:08.884] [DEBUG] cheese - null
[2021-09-30T16:08:08.884] [DEBUG] cheese - null
[2021-09-30T16:08:36.068] [DEBUG] cheese - login => username:admin,password:123456
[2021-09-30T16:08:36.069] [DEBUG] cheese - admin
[2021-09-30T16:08:36.073] [DEBUG] cheese - null
[2021-09-30T16:08:36.074] [DEBUG] cheese - null
[2021-09-30T16:14:21.311] [DEBUG] cheese - login => username:111,password:111
[2021-09-30T16:14:21.311] [DEBUG] cheese - 111
[2021-09-30T16:14:21.315] [DEBUG] cheese - null
[2021-09-30T16:14:21.315] [DEBUG] cheese - null
[2021-09-30T16:14:54.228] [DEBUG] cheese - login => username:admin,password:123456
[2021-09-30T16:14:54.229] [DEBUG] cheese - admin
[2021-09-30T16:14:54.232] [DEBUG] cheese - null
[2021-09-30T16:14:54.232] [DEBUG] cheese - null
[2021-09-30T16:18:31.643] [DEBUG] cheese - login => username:admin,password:123456
[2021-09-30T16:18:31.643] [DEBUG] cheese - admin
[2021-09-30T16:18:31.646] [DEBUG] cheese - null
[2021-09-30T16:18:31.646] [DEBUG] cheese - null
[2021-09-30T16:19:53.772] [DEBUG] cheese - login => username:admin,password:123456
[2021-09-30T16:19:53.772] [DEBUG] cheese - admin
[2021-09-30T16:19:53.775] [DEBUG] cheese - null
[2021-09-30T16:19:53.775] [DEBUG] cheese - null
[2021-09-30T16:20:20.306] [DEBUG] cheese - login => username:admin,password:123456
[2021-09-30T16:20:20.307] [DEBUG] cheese - admin
[2021-09-30T16:20:20.309] [DEBUG] cheese - null
[2021-09-30T16:20:20.309] [DEBUG] cheese - null
[2021-09-30T16:20:21.143] [DEBUG] cheese - login => username:admin,password:123456
[2021-09-30T16:20:21.144] [DEBUG] cheese - admin
[2021-09-30T16:20:21.147] [DEBUG] cheese - null
[2021-09-30T16:20:21.147] [DEBUG] cheese - null
[2021-09-30T16:20:21.688] [DEBUG] cheese - login => username:admin,password:123456
[2021-09-30T16:20:21.688] [DEBUG] cheese - admin
[2021-09-30T16:20:21.698] [DEBUG] cheese - null
[2021-09-30T16:20:21.698] [DEBUG] cheese - null
[2021-09-30T16:20:22.176] [DEBUG] cheese - login => username:admin,password:123456
[2021-09-30T16:20:22.176] [DEBUG] cheese - admin
[2021-09-30T16:20:22.179] [DEBUG] cheese - null
[2021-09-30T16:20:22.179] [DEBUG] cheese - null
[2021-09-30T16:21:52.507] [DEBUG] cheese - login => username:admin,password:123456
[2021-09-30T16:21:52.508] [DEBUG] cheese - admin
[2021-09-30T16:21:52.510] [DEBUG] cheese - null
[2021-09-30T16:21:52.511] [DEBUG] cheese - null
[2021-09-30T16:23:58.507] [DEBUG] cheese - login => username:admin,password:123456
[2021-09-30T16:23:58.507] [DEBUG] cheese - admin
[2021-09-30T16:23:58.511] [DEBUG] cheese - null
[2021-09-30T16:23:58.511] [DEBUG] cheese - null
[2021-09-30T16:24:09.508] [DEBUG] cheese - login => username:admin,password:123456
[2021-09-30T16:24:09.508] [DEBUG] cheese - admin
[2021-09-30T16:24:09.511] [DEBUG] cheese - null
[2021-09-30T16:24:09.511] [DEBUG] cheese - null
[2021-09-30T16:25:30.564] [DEBUG] cheese - login => username:admin,password:123456
[2021-09-30T16:25:30.564] [DEBUG] cheese - admin
[2021-09-30T16:25:30.567] [DEBUG] cheese - null
[2021-09-30T16:25:30.567] [DEBUG] cheese - null
[2021-09-30T16:25:50.619] [DEBUG] cheese - login => username:admin,password:123456
[2021-09-30T16:25:50.619] [DEBUG] cheese - admin
[2021-09-30T16:25:50.622] [DEBUG] cheese - null
[2021-09-30T16:25:50.622] [DEBUG] cheese - null
[2021-09-30T16:26:17.450] [DEBUG] cheese - login => username:admin,password:123456
[2021-09-30T16:26:17.450] [DEBUG] cheese - admin
[2021-09-30T16:26:17.452] [DEBUG] cheese - null
[2021-09-30T16:26:17.453] [DEBUG] cheese - null
[2021-09-30T16:26:21.528] [DEBUG] cheese - login => username:admin,password:123456
[2021-09-30T16:26:21.528] [DEBUG] cheese - admin
[2021-09-30T16:26:21.531] [DEBUG] cheese - null
[2021-09-30T16:26:21.531] [DEBUG] cheese - null
[2021-09-30T16:27:25.973] [DEBUG] cheese - login => username:admin,password:123456
[2021-09-30T16:27:25.973] [DEBUG] cheese - admin
[2021-09-30T16:27:25.976] [DEBUG] cheese - null
[2021-09-30T16:27:25.977] [DEBUG] cheese - null
[2021-09-30T16:41:45.853] [DEBUG] cheese - login => username:admin,password:123456
[2021-09-30T16:41:45.853] [DEBUG] cheese - admin
[2021-09-30T16:41:45.856] [DEBUG] cheese - null
[2021-09-30T16:41:45.856] [DEBUG] cheese - null
[2021-09-30T16:42:31.106] [DEBUG] cheese - login => username:admin,password:123456
[2021-09-30T16:42:31.106] [DEBUG] cheese - admin
[2021-09-30T16:42:31.109] [DEBUG] cheese - null
[2021-09-30T16:42:31.109] [DEBUG] cheese - null
[2021-09-30T16:42:33.529] [DEBUG] cheese - login => username:admin,password:123456
[2021-09-30T16:42:33.529] [DEBUG] cheese - admin
[2021-09-30T16:42:33.533] [DEBUG] cheese - null
[2021-09-30T16:42:33.533] [DEBUG] cheese - null
[2021-09-30T16:42:34.008] [DEBUG] cheese - login => username:admin,password:123456
[2021-09-30T16:42:34.008] [DEBUG] cheese - admin
[2021-09-30T16:42:34.012] [DEBUG] cheese - null
[2021-09-30T16:42:34.012] [DEBUG] cheese - null
[2021-09-30T16:42:34.440] [DEBUG] cheese - login => username:admin,password:123456
[2021-09-30T16:42:34.440] [DEBUG] cheese - admin
[2021-09-30T16:42:34.444] [DEBUG] cheese - null
[2021-09-30T16:42:34.445] [DEBUG] cheese - null
[2021-09-30T16:42:42.889] [DEBUG] cheese - login => username:admin,password:123456
[2021-09-30T16:42:42.890] [DEBUG] cheese - admin
[2021-09-30T16:42:42.892] [DEBUG] cheese - null
[2021-09-30T16:42:42.892] [DEBUG] cheese - null
[2021-09-30T16:42:45.631] [DEBUG] cheese - login => username:admin,password:12345
[2021-09-30T16:42:45.631] [DEBUG] cheese - admin
[2021-09-30T16:42:45.634] [DEBUG] cheese - null
[2021-09-30T16:42:45.634] [DEBUG] cheese - null
[2021-09-30T16:46:26.346] [DEBUG] cheese - login => username:admin,password:123456
[2021-09-30T16:46:26.347] [DEBUG] cheese - admin
[2021-09-30T16:46:26.350] [DEBUG] cheese - null
[2021-09-30T16:46:26.350] [DEBUG] cheese - null
[2021-09-30T16:54:36.807] [DEBUG] cheese - login => username:admin,password:123456
[2021-09-30T16:54:36.807] [DEBUG] cheese - admin
[2021-09-30T16:54:36.810] [DEBUG] cheese - null
[2021-09-30T16:54:36.810] [DEBUG] cheese - null
[2021-09-30T17:09:37.480] [DEBUG] cheese - login => username:admin,password:123456
[2021-09-30T17:09:37.480] [DEBUG] cheese - admin
[2021-09-30T17:09:37.484] [DEBUG] cheese - null
[2021-09-30T17:09:37.484] [DEBUG] cheese - null
[2021-09-30T18:46:15.427] [DEBUG] cheese - login => username:admin,password:123456
[2021-09-30T18:46:15.428] [DEBUG] cheese - admin
[2021-09-30T18:46:15.437] [DEBUG] cheese - null
[2021-09-30T18:46:15.437] [DEBUG] cheese - null
[2021-09-30T19:01:11.050] [DEBUG] cheese - login => username:admin,password:123456
[2021-09-30T19:01:11.050] [DEBUG] cheese - admin
[2021-09-30T19:01:11.053] [DEBUG] cheese - null
[2021-09-30T19:01:11.053] [DEBUG] cheese - null
[2021-09-30T19:01:31.641] [DEBUG] cheese - login => username:admin,password:123456
[2021-09-30T19:01:31.641] [DEBUG] cheese - admin
[2021-09-30T19:01:31.644] [DEBUG] cheese - null
[2021-09-30T19:01:31.644] [DEBUG] cheese - null
[2021-09-30T19:04:40.212] [DEBUG] cheese - login => username:admin,password:123456
[2021-09-30T19:04:40.212] [DEBUG] cheese - admin
[2021-09-30T19:04:40.215] [DEBUG] cheese - null
[2021-09-30T19:04:40.215] [DEBUG] cheese - null
[2021-10-01T08:34:00.016] [DEBUG] cheese - login => username:admin,password:123456
[2021-10-01T08:34:00.017] [DEBUG] cheese - admin
[2021-10-01T08:34:00.076] [DEBUG] cheese - null
[2021-10-01T08:34:00.077] [DEBUG] cheese - null
[2021-10-01T10:15:43.098] [DEBUG] cheese - login => username:admin,password:123456
[2021-10-01T10:15:43.099] [DEBUG] cheese - admin
[2021-10-01T10:15:43.105] [DEBUG] cheese - null
[2021-10-01T10:15:43.105] [DEBUG] cheese - null
[2021-10-01T16:04:44.256] [DEBUG] cheese - login => username:admin,password:123456
[2021-10-01T16:04:44.257] [DEBUG] cheese - admin
[2021-10-01T16:04:44.291] [DEBUG] cheese - null
[2021-10-01T16:04:44.291] [DEBUG] cheese - null
[2021-10-02T08:52:15.463] [DEBUG] cheese - login => username:admin,password:123456
[2021-10-02T08:52:15.466] [DEBUG] cheese - admin
[2021-10-02T08:52:15.512] [DEBUG] cheese - null
[2021-10-02T08:52:15.512] [DEBUG] cheese - null
[2021-10-02T19:04:20.274] [DEBUG] cheese - login => username:admin,password:123456
[2021-10-02T19:04:20.277] [DEBUG] cheese - admin
[2021-10-02T19:04:20.321] [DEBUG] cheese - null
[2021-10-02T19:04:20.322] [DEBUG] cheese - null
[2021-10-02T19:25:27.589] [DEBUG] cheese - login => username:chen,password:123456
[2021-10-02T19:25:27.589] [DEBUG] cheese - chen
[2021-10-02T19:25:27.592] [DEBUG] cheese - null
[2021-10-02T19:25:27.592] [DEBUG] cheese - null
[2021-10-02T19:25:29.801] [DEBUG] cheese - login => username:chen,password:123456
[2021-10-02T19:25:29.801] [DEBUG] cheese - chen
[2021-10-02T19:25:29.804] [DEBUG] cheese - null
[2021-10-02T19:25:29.804] [DEBUG] cheese - null
[2021-10-02T19:25:31.579] [DEBUG] cheese - login => username:chen,password:123456
[2021-10-02T19:25:31.579] [DEBUG] cheese - chen
[2021-10-02T19:25:31.583] [DEBUG] cheese - null
[2021-10-02T19:25:31.583] [DEBUG] cheese - null
[2021-10-02T19:25:36.828] [DEBUG] cheese - login => username:admin,password:123456
[2021-10-02T19:25:36.829] [DEBUG] cheese - admin
[2021-10-02T19:25:36.831] [DEBUG] cheese - null
[2021-10-02T19:25:36.831] [DEBUG] cheese - null
[2021-10-02T19:25:55.980] [DEBUG] cheese - login => username:chen,password:123456
[2021-10-02T19:25:55.980] [DEBUG] cheese - chen
[2021-10-02T19:25:55.983] [DEBUG] cheese - null
[2021-10-02T19:25:55.983] [DEBUG] cheese - null
[2021-10-02T19:25:57.777] [DEBUG] cheese - login => username:chen,password:123456
[2021-10-02T19:25:57.777] [DEBUG] cheese - chen
[2021-10-02T19:25:57.781] [DEBUG] cheese - null
[2021-10-02T19:25:57.781] [DEBUG] cheese - null
[2021-10-02T19:26:07.956] [DEBUG] cheese - login => username:admin,password:123456
[2021-10-02T19:26:07.956] [DEBUG] cheese - admin
[2021-10-02T19:26:07.959] [DEBUG] cheese - null
[2021-10-02T19:26:07.959] [DEBUG] cheese - null
[2021-10-03T17:24:16.043] [DEBUG] cheese - login => username:admin,password:123456
[2021-10-03T17:24:16.044] [DEBUG] cheese - admin
[2021-10-03T17:24:16.156] [DEBUG] cheese - null
[2021-10-03T17:24:16.157] [DEBUG] cheese - null
[2021-10-03T19:05:23.864] [DEBUG] cheese - null
[2021-10-03T19:20:06.516] [DEBUG] cheese - null
[2021-10-03T22:21:41.826] [DEBUG] cheese - login => username:admin,password:123456
[2021-10-03T22:21:41.827] [DEBUG] cheese - admin
[2021-10-03T22:21:41.869] [DEBUG] cheese - null
[2021-10-03T22:21:41.870] [DEBUG] cheese - null
[2021-10-04T10:02:31.675] [DEBUG] cheese - login => username:admin,password:123456
[2021-10-04T10:02:31.678] [DEBUG] cheese - admin
[2021-10-04T10:02:31.743] [DEBUG] cheese - null
[2021-10-04T10:02:31.743] [DEBUG] cheese - null
[2021-10-04T13:19:34.753] [DEBUG] cheese - login => username:admin,password:123456
[2021-10-04T13:19:34.754] [DEBUG] cheese - admin
[2021-10-04T13:19:34.773] [DEBUG] cheese - null
[2021-10-04T13:19:34.773] [DEBUG] cheese - null
[2021-10-04T15:59:29.088] [DEBUG] cheese - login => username:admin,password:123456
[2021-10-04T15:59:29.092] [DEBUG] cheese - admin
[2021-10-04T15:59:29.097] [DEBUG] cheese - null
[2021-10-04T15:59:29.098] [DEBUG] cheese - null
[2021-10-04T15:59:42.740] [DEBUG] cheese - login => username:admin,password:123456
[2021-10-04T15:59:42.740] [DEBUG] cheese - admin
[2021-10-04T15:59:42.743] [DEBUG] cheese - null
[2021-10-04T15:59:42.743] [DEBUG] cheese - null
[2021-10-05T11:54:03.535] [DEBUG] cheese - login => username:admin,password:123456
[2021-10-05T11:54:03.537] [DEBUG] cheese - admin
[2021-10-05T11:54:03.648] [DEBUG] cheese - null
[2021-10-05T11:54:03.649] [DEBUG] cheese - null
[2021-10-05T20:34:32.814] [DEBUG] cheese - login => username:admin,password:123456
[2021-10-05T20:34:32.819] [DEBUG] cheese - admin
[2021-10-05T20:34:32.831] [DEBUG] cheese - null
[2021-10-05T20:34:32.832] [DEBUG] cheese - null
[2021-10-05T20:47:22.975] [DEBUG] cheese - login => username:admin,password:123456
[2021-10-05T20:47:22.975] [DEBUG] cheese - admin
[2021-10-05T20:47:22.982] [DEBUG] cheese - null
[2021-10-05T20:47:22.982] [DEBUG] cheese - null
[2021-10-05T20:54:43.606] [DEBUG] cheese - login => username:admin,password:123456
[2021-10-05T20:54:43.608] [DEBUG] cheese - admin
[2021-10-05T20:54:43.611] [DEBUG] cheese - null
[2021-10-05T20:54:43.611] [DEBUG] cheese - null
[2021-10-05T21:12:16.038] [DEBUG] cheese - login => username:admin,password:123456
[2021-10-05T21:12:16.038] [DEBUG] cheese - admin
[2021-10-05T21:12:16.041] [DEBUG] cheese - null
[2021-10-05T21:12:16.042] [DEBUG] cheese - null
[2021-10-19T16:35:45.465] [DEBUG] cheese - login => username:admin,password:admin
[2021-10-19T16:35:45.467] [DEBUG] cheese - admin
[2021-10-19T16:35:45.528] [DEBUG] cheese - null
[2021-10-19T16:35:45.529] [DEBUG] cheese - null
[2021-10-19T16:35:50.690] [DEBUG] cheese - login => username:admin,password:123456
[2021-10-19T16:35:50.690] [DEBUG] cheese - admin
[2021-10-19T16:35:50.694] [DEBUG] cheese - null
[2021-10-19T16:35:50.694] [DEBUG] cheese - null
[2021-10-21T16:27:36.091] [DEBUG] cheese - login => username:admin,password:123456
[2021-10-21T16:27:36.093] [DEBUG] cheese - admin
[2021-10-21T16:27:36.166] [DEBUG] cheese - null
[2021-10-21T16:27:36.168] [DEBUG] cheese - null
[2021-10-21T16:30:26.196] [DEBUG] cheese - login => username:admin,password:123456
[2021-10-21T16:30:26.198] [DEBUG] cheese - admin
[2021-10-21T16:30:26.204] [DEBUG] cheese - null
[2021-10-21T16:30:26.204] [DEBUG] cheese - null
[2021-10-29T19:30:28.280] [DEBUG] cheese - login => username:admin,password:123456
[2021-10-29T19:30:28.281] [DEBUG] cheese - admin
[2021-10-29T19:30:28.417] [DEBUG] cheese - null
[2021-10-29T19:30:28.417] [DEBUG] cheese - null
[2021-10-29T19:41:07.292] [DEBUG] cheese - login => username:admin,password:123456
[2021-10-29T19:41:07.293] [DEBUG] cheese - admin
[2021-10-29T19:41:07.301] [DEBUG] cheese - null
[2021-10-29T19:41:07.301] [DEBUG] cheese - null
[2021-10-29T20:17:07.821] [DEBUG] cheese - login => username:admin,password:123456
[2021-10-29T20:17:07.828] [DEBUG] cheese - admin
[2021-10-29T20:17:07.839] [DEBUG] cheese - null
[2021-10-29T20:17:07.841] [DEBUG] cheese - null
[2021-10-29T20:51:10.971] [DEBUG] cheese - login => username:admin,password:123456
[2021-10-29T20:51:10.972] [DEBUG] cheese - admin
[2021-10-29T20:51:10.984] [DEBUG] cheese - null
[2021-10-29T20:51:10.984] [DEBUG] cheese - null
[2021-10-29T20:57:15.847] [DEBUG] cheese - login => username:admin,password:123456
[2021-10-29T20:57:15.849] [DEBUG] cheese - admin
[2021-10-29T20:57:15.856] [DEBUG] cheese - null
[2021-10-29T20:57:15.857] [DEBUG] cheese - null
[2021-10-29T20:59:51.815] [DEBUG] cheese - login => username:admin,password:123456
[2021-10-29T20:59:51.815] [DEBUG] cheese - admin
[2021-10-29T20:59:51.818] [DEBUG] cheese - null
[2021-10-29T20:59:51.818] [DEBUG] cheese - null
[2021-10-29T21:06:26.846] [DEBUG] cheese - login => username:admin,password:123456
[2021-10-29T21:06:26.846] [DEBUG] cheese - admin
[2021-10-29T21:06:26.848] [DEBUG] cheese - null
[2021-10-29T21:06:26.848] [DEBUG] cheese - null
[2021-10-29T21:17:59.255] [DEBUG] cheese - login => username:admin,password:123456
[2021-10-29T21:17:59.256] [DEBUG] cheese - admin
[2021-10-29T21:17:59.261] [DEBUG] cheese - null
[2021-10-29T21:17:59.262] [DEBUG] cheese - null
[2021-10-29T23:25:34.175] [DEBUG] cheese - login => username:admin,password:123456
[2021-10-29T23:25:34.176] [DEBUG] cheese - admin
[2021-10-29T23:25:34.182] [DEBUG] cheese - null
[2021-10-29T23:25:34.183] [DEBUG] cheese - null
[2021-10-30T17:53:19.235] [DEBUG] cheese - login => username:admin,password:123456
[2021-10-30T17:53:19.237] [DEBUG] cheese - admin
[2021-10-30T17:53:19.368] [DEBUG] cheese - null
[2021-10-30T17:53:19.369] [DEBUG] cheese - null
[2021-10-31T10:37:22.734] [DEBUG] cheese - login => username:admin,password:123456
[2021-10-31T10:37:22.736] [DEBUG] cheese - admin
[2021-10-31T10:37:22.869] [DEBUG] cheese - null
[2021-10-31T10:37:22.869] [DEBUG] cheese - null
[2021-10-31T10:39:07.017] [DEBUG] cheese - login => username:admin,password:123456
[2021-10-31T10:39:07.018] [DEBUG] cheese - admin
[2021-10-31T10:39:07.026] [DEBUG] cheese - null
[2021-10-31T10:39:07.026] [DEBUG] cheese - null
[2021-10-31T12:42:11.382] [DEBUG] cheese - login => username:admin,password:123456
[2021-10-31T12:42:11.387] [DEBUG] cheese - admin
[2021-10-31T12:42:11.393] [DEBUG] cheese - null
[2021-10-31T12:42:11.394] [DEBUG] cheese - null
[2021-10-31T18:58:53.564] [DEBUG] cheese - login => username:admin,password:123456
[2021-10-31T18:58:53.569] [DEBUG] cheese - admin
[2021-10-31T18:58:53.589] [DEBUG] cheese - null
[2021-10-31T18:58:53.590] [DEBUG] cheese - null
[2021-10-31T21:05:43.088] [DEBUG] cheese - null
[2021-10-31T21:18:34.324] [DEBUG] cheese - null
[2021-11-01T11:10:16.813] [DEBUG] cheese - login => username:admin,password:123456
[2021-11-01T11:10:16.814] [DEBUG] cheese - admin
[2021-11-01T11:10:16.876] [DEBUG] cheese - null
[2021-11-01T11:10:16.877] [DEBUG] cheese - null
[2021-11-01T13:17:23.613] [DEBUG] cheese - login => username:admin,password:123456
[2021-11-01T13:17:23.615] [DEBUG] cheese - admin
[2021-11-01T13:17:23.630] [DEBUG] cheese - null
[2021-11-01T13:17:23.631] [DEBUG] cheese - null
[2022-03-02T14:21:13.173] [DEBUG] cheese - login => username:admin,password:123456
[2022-03-02T14:21:13.174] [DEBUG] cheese - admin
[2022-03-02T14:21:13.265] [DEBUG] cheese - null
[2022-03-02T14:21:13.265] [DEBUG] cheese - null
[2022-03-02T14:28:40.278] [DEBUG] cheese - login => username:admin,password:123456
[2022-03-02T14:28:40.279] [DEBUG] cheese - admin
[2022-03-02T14:28:40.286] [DEBUG] cheese - null
[2022-03-02T14:28:40.287] [DEBUG] cheese - null
[2022-03-02T14:30:29.133] [DEBUG] cheese - login => username:admin,password:123456
[2022-03-02T14:30:29.134] [DEBUG] cheese - admin
[2022-03-02T14:30:29.135] [DEBUG] cheese - null
[2022-03-02T14:30:29.136] [DEBUG] cheese - null
[2022-03-07T16:26:00.753] [DEBUG] cheese - login => username:admin,password:123456
[2022-03-07T16:26:00.757] [DEBUG] cheese - admin
[2022-03-07T16:26:00.828] [DEBUG] cheese - null
[2022-03-07T16:26:00.828] [DEBUG] cheese - null
[2022-04-17T18:47:26.520] [DEBUG] cheese - login => username:admin,password:123456
[2022-04-17T18:47:26.522] [DEBUG] cheese - admin
[2022-04-17T18:47:26.581] [DEBUG] cheese - null
[2022-04-17T18:47:26.582] [DEBUG] cheese - null
[2022-04-17T19:04:39.035] [DEBUG] cheese - login => username:admin,password:123456
[2022-04-17T19:04:39.035] [DEBUG] cheese - admin
[2022-04-17T19:04:39.039] [DEBUG] cheese - null
[2022-04-17T19:04:39.040] [DEBUG] cheese - null
[2022-04-17T19:31:47.399] [DEBUG] cheese - login => username:admin,password:123456
[2022-04-17T19:31:47.399] [DEBUG] cheese - admin
[2022-04-17T19:31:47.404] [DEBUG] cheese - null
[2022-04-17T19:31:47.405] [DEBUG] cheese - null
[2022-04-17T19:31:55.715] [DEBUG] cheese - login => username:admin,password:123456
[2022-04-17T19:31:55.716] [DEBUG] cheese - admin
[2022-04-17T19:31:55.719] [DEBUG] cheese - null
[2022-04-17T19:31:55.719] [DEBUG] cheese - null
[2022-04-17T19:56:06.851] [DEBUG] cheese - login => username:admin,password:123456
[2022-04-17T19:56:06.853] [DEBUG] cheese - admin
[2022-04-17T19:56:06.859] [DEBUG] cheese - null
[2022-04-17T19:56:06.860] [DEBUG] cheese - null
[2022-04-17T19:57:39.391] [DEBUG] cheese - login => username:admin,password:123456
[2022-04-17T19:57:39.391] [DEBUG] cheese - admin
[2022-04-17T19:57:39.394] [DEBUG] cheese - null
[2022-04-17T19:57:39.394] [DEBUG] cheese - null
[2022-04-17T20:03:28.282] [DEBUG] cheese - null
[2022-04-17T20:17:26.926] [DEBUG] cheese - login => username:zhangsan,password:123456
[2022-04-17T20:17:26.926] [DEBUG] cheese - zhangsan
[2022-04-17T20:17:26.930] [DEBUG] cheese - null
[2022-04-17T20:17:26.931] [DEBUG] cheese - null
[2022-04-17T20:17:28.229] [DEBUG] cheese - login => username:zhangsan,password:123456
[2022-04-17T20:17:28.229] [DEBUG] cheese - zhangsan
[2022-04-17T20:17:28.233] [DEBUG] cheese - null
[2022-04-17T20:17:28.233] [DEBUG] cheese - null
[2022-04-17T20:17:32.290] [DEBUG] cheese - login => username:zhangsan,password:123456
[2022-04-17T20:17:32.291] [DEBUG] cheese - zhangsan
[2022-04-17T20:17:32.294] [DEBUG] cheese - null
[2022-04-17T20:17:32.294] [DEBUG] cheese - null
[2022-04-17T20:17:33.329] [DEBUG] cheese - login => username:zhangsan,password:123456
[2022-04-17T20:17:33.330] [DEBUG] cheese - zhangsan
[2022-04-17T20:17:33.333] [DEBUG] cheese - null
[2022-04-17T20:17:33.333] [DEBUG] cheese - null
[2022-04-17T20:17:42.618] [DEBUG] cheese - login => username:zhangsan,password:123456
[2022-04-17T20:17:42.618] [DEBUG] cheese - zhangsan
[2022-04-17T20:17:42.621] [DEBUG] cheese - null
[2022-04-17T20:17:42.621] [DEBUG] cheese - null
[2022-04-17T20:17:56.879] [DEBUG] cheese - login => username:zhangsan,password:123456
[2022-04-17T20:17:56.879] [DEBUG] cheese - zhangsan
[2022-04-17T20:17:56.884] [DEBUG] cheese - null
[2022-04-17T20:17:56.884] [DEBUG] cheese - null
[2022-04-17T20:18:00.140] [DEBUG] cheese - null
[2022-04-17T20:18:00.148] [DEBUG] cheese - null
[2022-04-17T20:18:04.895] [DEBUG] cheese - null
[2022-04-17T20:18:04.898] [DEBUG] cheese - null
[2022-04-17T20:18:10.011] [DEBUG] cheese - null
[2022-04-17T20:18:10.015] [DEBUG] cheese - null
[2022-04-17T20:18:19.721] [DEBUG] cheese - null
[2022-04-17T20:18:19.724] [DEBUG] cheese - null
[2022-04-17T20:18:19.773] [DEBUG] cheese - null
[2022-04-17T20:18:19.779] [DEBUG] cheese - null
[2022-04-17T20:18:25.287] [DEBUG] cheese - null
[2022-04-17T20:18:25.292] [DEBUG] cheese - null
[2022-04-17T20:18:46.971] [DEBUG] cheese - null
[2022-04-17T20:18:46.975] [DEBUG] cheese - null
[2022-04-17T20:19:49.092] [DEBUG] cheese - null
[2022-04-17T20:19:49.100] [DEBUG] cheese - null
[2022-04-17T20:19:51.244] [DEBUG] cheese - null
[2022-04-17T20:19:51.247] [DEBUG] cheese - null
[2022-04-17T20:19:56.278] [DEBUG] cheese - null
[2022-04-17T20:19:56.281] [DEBUG] cheese - null
[2022-04-17T20:19:58.949] [DEBUG] cheese - null
[2022-04-17T20:19:58.952] [DEBUG] cheese - null
[2022-04-17T20:20:00.301] [DEBUG] cheese - null
[2022-04-17T20:20:00.303] [DEBUG] cheese - null
[2022-04-17T20:20:02.241] [DEBUG] cheese - null
[2022-04-17T20:20:02.244] [DEBUG] cheese - null
[2022-04-17T20:20:04.093] [DEBUG] cheese - null
[2022-04-17T20:20:04.097] [DEBUG] cheese - null
[2022-04-17T20:20:17.498] [DEBUG] cheese - login => username:admin,password:123456
[2022-04-17T20:20:17.498] [DEBUG] cheese - admin
[2022-04-17T20:20:17.501] [DEBUG] cheese - null
[2022-04-17T20:20:17.502] [DEBUG] cheese - null
[2022-04-18T18:15:37.056] [DEBUG] cheese - login => username:admin,password:123456
[2022-04-18T18:15:37.058] [DEBUG] cheese - admin
[2022-04-18T18:15:37.119] [DEBUG] cheese - null
[2022-04-18T18:15:37.119] [DEBUG] cheese - null
[2022-04-18T18:24:03.326] [DEBUG] cheese - login => username:admin,password:123456
[2022-04-18T18:24:03.327] [DEBUG] cheese - admin
[2022-04-18T18:24:03.331] [DEBUG] cheese - null
[2022-04-18T18:24:03.332] [DEBUG] cheese - null
[2022-04-18T19:56:21.555] [DEBUG] cheese - login => username:admin,password:123456
[2022-04-18T19:56:21.557] [DEBUG] cheese - admin
[2022-04-18T19:56:21.604] [DEBUG] cheese - null
[2022-04-18T19:56:21.606] [DEBUG] cheese - null
[2022-04-18T19:56:26.484] [DEBUG] cheese - login => username:admin,password:123456
[2022-04-18T19:56:26.485] [DEBUG] cheese - admin
[2022-04-18T19:56:26.489] [DEBUG] cheese - null
[2022-04-18T19:56:26.490] [DEBUG] cheese - null
[2022-04-18T20:52:03.081] [DEBUG] cheese - login => username:admin,password:123456
[2022-04-18T20:52:03.081] [DEBUG] cheese - admin
[2022-04-18T20:52:03.092] [DEBUG] cheese - null
[2022-04-18T20:52:03.093] [DEBUG] cheese - null
[2022-04-18T20:52:08.418] [DEBUG] cheese - login => username:admin,password:123456
[2022-04-18T20:52:08.418] [DEBUG] cheese - admin
[2022-04-18T20:52:08.425] [DEBUG] cheese - null
[2022-04-18T20:52:08.425] [DEBUG] cheese - null
[2022-04-18T20:55:37.178] [DEBUG] cheese - login => username:admin,password:123456
[2022-04-18T20:55:37.185] [DEBUG] cheese - admin
[2022-04-18T20:55:37.188] [DEBUG] cheese - null
[2022-04-18T20:55:37.188] [DEBUG] cheese - null
[2022-04-18T20:55:41.412] [DEBUG] cheese - login => username:admin,password:123456
[2022-04-18T20:55:41.412] [DEBUG] cheese - admin
[2022-04-18T20:55:41.417] [DEBUG] cheese - null
[2022-04-18T20:55:41.418] [DEBUG] cheese - null
[2022-04-18T21:01:06.048] [DEBUG] cheese - login => username:admin,password:123456
[2022-04-18T21:01:06.048] [DEBUG] cheese - admin
[2022-04-18T21:01:06.052] [DEBUG] cheese - null
[2022-04-18T21:01:06.052] [DEBUG] cheese - null
[2022-04-18T21:21:37.718] [DEBUG] cheese - login => username:admin,password:123456
[2022-04-18T21:21:37.718] [DEBUG] cheese - admin
[2022-04-18T21:21:37.722] [DEBUG] cheese - null
[2022-04-18T21:21:37.722] [DEBUG] cheese - null
[2022-04-18T21:21:50.963] [DEBUG] cheese - login => username:admin,password:123456
[2022-04-18T21:21:50.965] [DEBUG] cheese - admin
[2022-04-18T21:21:50.975] [DEBUG] cheese - null
[2022-04-18T21:21:50.975] [DEBUG] cheese - null
[2022-04-18T21:23:06.153] [DEBUG] cheese - login => username:admin,password:123456
[2022-04-18T21:23:06.153] [DEBUG] cheese - admin
[2022-04-18T21:23:06.155] [DEBUG] cheese - null
[2022-04-18T21:23:06.155] [DEBUG] cheese - null
[2022-04-18T21:23:11.131] [DEBUG] cheese - login => username:admin,password:123456
[2022-04-18T21:23:11.131] [DEBUG] cheese - admin
[2022-04-18T21:23:11.135] [DEBUG] cheese - null
[2022-04-18T21:23:11.135] [DEBUG] cheese - null
[2022-04-18T21:32:49.993] [DEBUG] cheese - login => username:admin,password:123456
[2022-04-18T21:32:49.993] [DEBUG] cheese - admin
[2022-04-18T21:32:50.001] [DEBUG] cheese - null
[2022-04-18T21:32:50.001] [DEBUG] cheese - null
[2022-04-18T21:56:36.095] [DEBUG] cheese - login => username:admin,password:123456
[2022-04-18T21:56:36.100] [DEBUG] cheese - admin
[2022-04-18T21:56:36.104] [DEBUG] cheese - null
[2022-04-18T21:56:36.104] [DEBUG] cheese - null
[2022-04-18T22:06:20.877] [DEBUG] cheese - login => username:admin,password:123456
[2022-04-18T22:06:20.879] [DEBUG] cheese - admin
[2022-04-18T22:06:20.885] [DEBUG] cheese - null
[2022-04-18T22:06:20.885] [DEBUG] cheese - null
[2022-04-18T22:35:04.883] [DEBUG] cheese - login => username:admin,password:123456
[2022-04-18T22:35:04.885] [DEBUG] cheese - admin
[2022-04-18T22:35:04.888] [DEBUG] cheese - null
[2022-04-18T22:35:04.889] [DEBUG] cheese - null
[2022-05-01T15:05:59.279] [DEBUG] cheese - login => username:admin,password:123456
[2022-05-01T15:05:59.280] [DEBUG] cheese - admin
[2022-05-01T15:05:59.349] [DEBUG] cheese - null
[2022-05-01T15:05:59.350] [DEBUG] cheese - null
[2022-05-01T15:06:21.535] [DEBUG] cheese - login => username:admin,password:123456
[2022-05-01T15:06:21.535] [DEBUG] cheese - admin
[2022-05-01T15:06:21.540] [DEBUG] cheese - null
[2022-05-01T15:06:21.540] [DEBUG] cheese - null
[2022-05-01T15:06:45.867] [DEBUG] cheese - login => username:admin,password:123456
[2022-05-01T15:06:45.867] [DEBUG] cheese - admin
[2022-05-01T15:06:45.871] [DEBUG] cheese - null
[2022-05-01T15:06:45.871] [DEBUG] cheese - null
[2022-05-21T20:35:58.371] [DEBUG] cheese - login => username:admin,password:123456
[2022-05-21T20:35:58.373] [DEBUG] cheese - admin
[2022-05-21T20:35:58.487] [DEBUG] cheese - null
[2022-05-21T20:35:58.487] [DEBUG] cheese - null
[2022-05-21T21:01:12.376] [DEBUG] cheese - login => username:admin,password:123456
[2022-05-21T21:01:12.376] [DEBUG] cheese - admin
[2022-05-21T21:01:12.379] [DEBUG] cheese - null
[2022-05-21T21:01:12.380] [DEBUG] cheese - null
